<?xml version="1.0" encoding="UTF-8"?>
<testng-results skipped="0" failed="1" total="1" passed="0">
  <reporter-output>
  </reporter-output>
  <suite name="Default suite" duration-ms="40196" started-at="2018-03-12T10:40:11Z" finished-at="2018-03-12T10:40:51Z">
    <groups>
    </groups>
    <test name="Default test" duration-ms="40196" started-at="2018-03-12T10:40:11Z" finished-at="2018-03-12T10:40:51Z">
      <class name="tests.Test1">
        <test-method status="PASS" signature="initApplication()[pri:0, instance:tests.Test1@1a968a59]" name="initApplication" is-config="true" duration-ms="33280" started-at="2018-03-12T16:10:11Z" finished-at="2018-03-12T16:10:44Z">
          <reporter-output>
          </reporter-output>
        </test-method> <!-- initApplication -->
        <test-method status="PASS" signature="preCondition()[pri:0, instance:tests.Test1@1a968a59]" name="preCondition" is-config="true" duration-ms="1155" started-at="2018-03-12T16:10:44Z" finished-at="2018-03-12T16:10:45Z">
          <reporter-output>
          </reporter-output>
        </test-method> <!-- preCondition -->
        <test-method status="FAIL" signature="test2()[pri:0, instance:tests.Test1@1a968a59]" name="test2" duration-ms="1763" started-at="2018-03-12T16:10:45Z" finished-at="2018-03-12T16:10:47Z">
          <exception class="java.lang.AssertionError">
            <message>
              <![CDATA[Can't get User name,element not present or blocked]]>
            </message>
            <full-stacktrace>
              <![CDATA[java.lang.AssertionError: Can't get User name,element not present or blocked
	at api.apps.fieldez.login.Login.enterUserName(Login.java:16)
	at tests.Test1.test2(Test1.java:13)
	at sun.reflect.NativeMethodAccessorImpl.invoke0(Native Method)
	at sun.reflect.NativeMethodAccessorImpl.invoke(NativeMethodAccessorImpl.java:62)
	at sun.reflect.DelegatingMethodAccessorImpl.invoke(DelegatingMethodAccessorImpl.java:43)
	at java.lang.reflect.Method.invoke(Method.java:498)
	at org.testng.internal.MethodInvocationHelper.invokeMethod(MethodInvocationHelper.java:100)
	at org.testng.internal.Invoker.invokeMethod(Invoker.java:646)
	at org.testng.internal.Invoker.invokeTestMethod(Invoker.java:811)
	at org.testng.internal.Invoker.invokeTestMethods(Invoker.java:1137)
	at org.testng.internal.TestMethodWorker.invokeTestMethods(TestMethodWorker.java:129)
	at org.testng.internal.TestMethodWorker.run(TestMethodWorker.java:112)
	at org.testng.TestRunner.privateRun(TestRunner.java:753)
	at org.testng.TestRunner.run(TestRunner.java:607)
	at org.testng.SuiteRunner.runTest(SuiteRunner.java:368)
	at org.testng.SuiteRunner.runSequentially(SuiteRunner.java:363)
	at org.testng.SuiteRunner.privateRun(SuiteRunner.java:321)
	at org.testng.SuiteRunner.run(SuiteRunner.java:270)
	at org.testng.SuiteRunnerWorker.runSuite(SuiteRunnerWorker.java:52)
	at org.testng.SuiteRunnerWorker.run(SuiteRunnerWorker.java:86)
	at org.testng.TestNG.runSuitesSequentially(TestNG.java:1284)
	at org.testng.TestNG.runSuitesLocally(TestNG.java:1209)
	at org.testng.TestNG.runSuites(TestNG.java:1124)
	at org.testng.TestNG.run(TestNG.java:1096)
	at org.testng.remote.AbstractRemoteTestNG.run(AbstractRemoteTestNG.java:132)
	at org.testng.remote.RemoteTestNG.initAndRun(RemoteTestNG.java:236)
	at org.testng.remote.RemoteTestNG.main(RemoteTestNG.java:81)
]]>
            </full-stacktrace>
          </exception> <!-- java.lang.AssertionError -->
          <reporter-output>
          </reporter-output>
        </test-method> <!-- test2 -->
        <test-method status="PASS" signature="postCondition()[pri:0, instance:tests.Test1@1a968a59]" name="postCondition" is-config="true" duration-ms="1" started-at="2018-03-12T16:10:47Z" finished-at="2018-03-12T16:10:47Z">
          <reporter-output>
          </reporter-output>
        </test-method> <!-- postCondition -->
        <test-method status="PASS" signature="closeApplication()[pri:0, instance:tests.Test1@1a968a59]" name="closeApplication" is-config="true" duration-ms="3963" started-at="2018-03-12T16:10:47Z" finished-at="2018-03-12T16:10:51Z">
          <reporter-output>
          </reporter-output>
        </test-method> <!-- closeApplication -->
      </class> <!-- tests.Test1 -->
    </test> <!-- Default test -->
  </suite> <!-- Default suite -->
</testng-results>
